<?xml version="1.0" encoding="UTF-8"?>
<robot generator="Robot 3.2.2 (Python 3.9.1 on win32)" generated="20210201 22:14:35.429" rpa="false">
<suite id="s1" name="Tc3" source="C:\Users\vinay\PycharmProjects\ivtreenasproject\sample\tc3.robot">
<test id="s1-t1" name="Login With Invalid Username And Invalid password">
<kw name="Open Browser" library="SeleniumLibrary">
<doc>Opens a new browser instance to the optional ``url``.</doc>
<arguments>
<arg>${Url}</arg>
<arg>${Browser}</arg>
</arguments>
<msg timestamp="20210201 22:14:36.014" level="INFO">Opening browser 'headlesschrome' to base url 'http://192.168.43.64:4000'.</msg>
<status status="PASS" starttime="20210201 22:14:36.013" endtime="20210201 22:14:40.321"></status>
</kw>
<kw name="Input Username">
<arguments>
<arg>abcb</arg>
</arguments>
<kw name="Input Text" library="SeleniumLibrary">
<doc>Types the given ``text`` into the text field identified by ``locator``.</doc>
<arguments>
<arg>//input[@name='username']</arg>
<arg>${Username}</arg>
</arguments>
<msg timestamp="20210201 22:14:40.324" level="INFO">Typing text 'abcb' into text field '//input[@name='username']'.</msg>
<status status="PASS" starttime="20210201 22:14:40.323" endtime="20210201 22:14:40.493"></status>
</kw>
<status status="PASS" starttime="20210201 22:14:40.323" endtime="20210201 22:14:40.493"></status>
</kw>
<kw name="Input Password">
<arguments>
<arg>vin143</arg>
</arguments>
<kw name="Input Text" library="SeleniumLibrary">
<doc>Types the given ``text`` into the text field identified by ``locator``.</doc>
<arguments>
<arg>//input[@name='password']</arg>
<arg>${Password}</arg>
</arguments>
<msg timestamp="20210201 22:14:40.495" level="INFO">Typing text 'vin143' into text field '//input[@name='password']'.</msg>
<status status="PASS" starttime="20210201 22:14:40.495" endtime="20210201 22:14:40.681"></status>
</kw>
<status status="PASS" starttime="20210201 22:14:40.494" endtime="20210201 22:14:40.682"></status>
</kw>
<kw name="Submit Credentials">
<kw name="Click Button" library="SeleniumLibrary">
<doc>Clicks the button identified by ``locator``.</doc>
<arguments>
<arg>login_button</arg>
</arguments>
<msg timestamp="20210201 22:14:40.684" level="INFO">Clicking button 'login_button'.</msg>
<status status="PASS" starttime="20210201 22:14:40.683" endtime="20210201 22:14:40.848"></status>
</kw>
<status status="PASS" starttime="20210201 22:14:40.683" endtime="20210201 22:14:40.848"></status>
</kw>
<kw name="Welcome Page Should Be Open">
<kw name="Title Should Be" library="SeleniumLibrary">
<doc>Verifies that the current page title equals ``title``.</doc>
<arguments>
<arg>NAS GATEWAY</arg>
</arguments>
<msg timestamp="20210201 22:14:40.877" level="INFO">Page title is 'NAS GATEWAY'.</msg>
<status status="PASS" starttime="20210201 22:14:40.850" endtime="20210201 22:14:40.877"></status>
</kw>
<status status="PASS" starttime="20210201 22:14:40.849" endtime="20210201 22:14:40.878"></status>
</kw>
<kw name="condition">
<kw name="Set Variable" library="BuiltIn">
<doc>Returns the given values which can then be assigned to a variables.</doc>
<arguments>
<arg>NAS GATEWAY</arg>
</arguments>
<assign>
<var>${pa}</var>
</assign>
<msg timestamp="20210201 22:14:40.880" level="INFO">${pa} = NAS GATEWAY</msg>
<status status="PASS" starttime="20210201 22:14:40.879" endtime="20210201 22:14:40.880"></status>
</kw>
<kw name="Run Keyword If" library="BuiltIn">
<doc>Runs the given keyword with the given arguments, if ``condition`` is true.</doc>
<arguments>
<arg>'${pa}'=='NAS GATEWAY'</arg>
<arg>Log To Console</arg>
<arg>inavalid username and invalid password</arg>
</arguments>
<kw name="Log To Console" library="BuiltIn">
<doc>Logs the given message to the console.</doc>
<arguments>
<arg>inavalid username and invalid password</arg>
</arguments>
<status status="PASS" starttime="20210201 22:14:40.881" endtime="20210201 22:14:40.882"></status>
</kw>
<status status="PASS" starttime="20210201 22:14:40.881" endtime="20210201 22:14:40.882"></status>
</kw>
<status status="PASS" starttime="20210201 22:14:40.878" endtime="20210201 22:14:40.883"></status>
</kw>
<kw name="Close Browser" library="SeleniumLibrary" type="teardown">
<doc>Closes the current browser.</doc>
<status status="PASS" starttime="20210201 22:14:40.884" endtime="20210201 22:14:43.027"></status>
</kw>
<status status="PASS" starttime="20210201 22:14:36.010" endtime="20210201 22:14:43.028" critical="yes"></status>
</test>
<status status="PASS" starttime="20210201 22:14:35.434" endtime="20210201 22:14:43.032"></status>
</suite>
<statistics>
<total>
<stat pass="1" fail="0">Critical Tests</stat>
<stat pass="1" fail="0">All Tests</stat>
</total>
<tag>
</tag>
<suite>
<stat pass="1" fail="0" id="s1" name="Tc3">Tc3</stat>
</suite>
</statistics>
<errors>
</errors>
</robot>
